Flow report for Baremetal_Setup
Wed Jul 29 14:42:25 2020
Quartus Prime Version 20.1.0 Build 711 06/05/2020 SJ Lite Edition


---------------------
; Table of Contents ;
---------------------
  1. Legal Notice
  2. Flow Summary
  3. Flow Settings
  4. Flow Non-Default Global Settings
  5. Flow Elapsed Time
  6. Flow OS Summary
  7. Flow Log
  8. Flow Messages
  9. Flow Suppressed Messages



----------------
; Legal Notice ;
----------------
Copyright (C) 2020  Intel Corporation. All rights reserved.
Your use of Intel Corporation's design tools, logic functions 
and other software and tools, and any partner logic 
functions, and any output files from any of the foregoing 
(including device programming or simulation files), and any 
associated documentation or information are expressly subject 
to the terms and conditions of the Intel Program License 
Subscription Agreement, the Intel Quartus Prime License Agreement,
the Intel FPGA IP License Agreement, or other applicable license
agreement, including, without limitation, that your use is for
the sole purpose of programming logic devices manufactured by
Intel and sold by Intel or its authorized distributors.  Please
refer to the applicable agreement for further details, at
https://fpgasoftware.intel.com/eula.



+-------------------------------------------------------------------------------+
; Flow Summary                                                                  ;
+---------------------------------+---------------------------------------------+
; Flow Status                     ; Successful - Wed Jul 29 14:40:19 2020       ;
; Quartus Prime Version           ; 20.1.0 Build 711 06/05/2020 SJ Lite Edition ;
; Revision Name                   ; Baremetal_Setup                             ;
; Top-level Entity Name           ; DE1_SoC_top_level                           ;
; Family                          ; Cyclone V                                   ;
; Device                          ; 5CSEMA5F31C6                                ;
; Timing Models                   ; Final                                       ;
; Logic utilization (in ALMs)     ; 1,164 / 32,070 ( 4 % )                      ;
; Total registers                 ; 1666                                        ;
; Total pins                      ; 194 / 457 ( 42 % )                          ;
; Total virtual pins              ; 0                                           ;
; Total block memory bits         ; 0 / 4,065,280 ( 0 % )                       ;
; Total DSP Blocks                ; 0 / 87 ( 0 % )                              ;
; Total HSSI RX PCSs              ; 0                                           ;
; Total HSSI PMA RX Deserializers ; 0                                           ;
; Total HSSI TX PCSs              ; 0                                           ;
; Total HSSI PMA TX Serializers   ; 0                                           ;
; Total PLLs                      ; 0 / 6 ( 0 % )                               ;
; Total DLLs                      ; 1 / 4 ( 25 % )                              ;
+---------------------------------+---------------------------------------------+


+-----------------------------------------+
; Flow Settings                           ;
+-------------------+---------------------+
; Option            ; Setting             ;
+-------------------+---------------------+
; Start date & time ; 07/29/2020 14:25:44 ;
; Main task         ; Compilation         ;
; Revision Name     ; Baremetal_Setup     ;
+-------------------+---------------------+


+---------------------------------------------------------------------------------------------------------------------------------------------------------------------------------------+
; Flow Non-Default Global Settings                                                                                                                                                      ;
+---------------------------------------+-------------------------------------------------------------------------------+-----------------+--------------------------------+------------+
; Assignment Name                       ; Value                                                                         ; Default Value   ; Entity Name                    ; Section Id ;
+---------------------------------------+-------------------------------------------------------------------------------+-----------------+--------------------------------+------------+
; COMPILER_SIGNATURE_ID                 ; 8796748803512.159602554313840                                                 ; --              ; --                             ; --         ;
; ECO_REGENERATE_REPORT                 ; On                                                                            ; Off             ; --                             ; --         ;
; HPS_ISW_FILE                          ; qsys/soc_system/synthesis/submodules/sequencer/sequencer.pre.c                ; --              ; soc_system_hps_0_hps_io_border ; --         ;
; HPS_ISW_FILE                          ; qsys/soc_system/synthesis/submodules/sequencer/sdram_io.pre.h                 ; --              ; soc_system_hps_0_hps_io_border ; --         ;
; HPS_ISW_FILE                          ; qsys/soc_system/synthesis/submodules/sequencer/tclrpt.pre.c                   ; --              ; soc_system_hps_0_hps_io_border ; --         ;
; HPS_ISW_FILE                          ; qsys/soc_system/synthesis/submodules/sequencer/emif.pre.xml                   ; --              ; soc_system_hps_0_hps_io_border ; --         ;
; HPS_ISW_FILE                          ; qsys/soc_system/synthesis/submodules/sequencer/system.pre.h                   ; --              ; soc_system_hps_0_hps_io_border ; --         ;
; HPS_ISW_FILE                          ; qsys/soc_system/synthesis/submodules/sequencer/sequencer.pre.h                ; --              ; soc_system_hps_0_hps_io_border ; --         ;
; HPS_ISW_FILE                          ; qsys/soc_system/synthesis/submodules/sequencer/sequencer_auto.pre.h           ; --              ; soc_system_hps_0_hps_io_border ; --         ;
; HPS_ISW_FILE                          ; qsys/soc_system/synthesis/submodules/sequencer/sequencer_auto_inst_init.pre.c ; --              ; soc_system_hps_0_hps_io_border ; --         ;
; HPS_ISW_FILE                          ; qsys/soc_system/synthesis/submodules/sequencer/sequencer_auto_ac_init.pre.c   ; --              ; soc_system_hps_0_hps_io_border ; --         ;
; HPS_ISW_FILE                          ; qsys/soc_system/synthesis/submodules/sequencer/tclrpt.pre.h                   ; --              ; soc_system_hps_0_hps_io_border ; --         ;
; HPS_ISW_FILE                          ; qsys/soc_system/synthesis/submodules/sequencer/sequencer_defines.pre.h        ; --              ; soc_system_hps_0_hps_io_border ; --         ;
; HPS_ISW_FILE                          ; qsys/soc_system/synthesis/submodules/sequencer/alt_types.pre.h                ; --              ; soc_system_hps_0_hps_io_border ; --         ;
; HPS_ISW_FILE                          ; qsys/soc_system/synthesis/submodules/hps.pre.xml                              ; --              ; soc_system_hps_0_hps_io_border ; --         ;
; HPS_PARTITION                         ; On                                                                            ; --              ; soc_system_hps_0_hps_io_border ; --         ;
; MAX_CORE_JUNCTION_TEMP                ; 85                                                                            ; --              ; --                             ; --         ;
; MIN_CORE_JUNCTION_TEMP                ; 0                                                                             ; --              ; --                             ; --         ;
; MISC_FILE                             ; qsys/soc_system/synthesis/../soc_system.cmp                                   ; --              ; --                             ; --         ;
; MISC_FILE                             ; qsys/soc_system/synthesis/soc_system_hps_0_hps.svd                            ; --              ; --                             ; --         ;
; MISC_FILE                             ; qsys/soc_system/synthesis/../../soc_system.qsys                               ; --              ; --                             ; --         ;
; MISC_FILE                             ; qsys/soc_system/synthesis/submodules/sequencer/sequencer.pre.c                ; --              ; --                             ; --         ;
; MISC_FILE                             ; qsys/soc_system/synthesis/submodules/sequencer/sdram_io.pre.h                 ; --              ; --                             ; --         ;
; MISC_FILE                             ; qsys/soc_system/synthesis/submodules/sequencer/tclrpt.pre.c                   ; --              ; --                             ; --         ;
; MISC_FILE                             ; qsys/soc_system/synthesis/submodules/sequencer/emif.pre.xml                   ; --              ; --                             ; --         ;
; MISC_FILE                             ; qsys/soc_system/synthesis/submodules/sequencer/system.pre.h                   ; --              ; --                             ; --         ;
; MISC_FILE                             ; qsys/soc_system/synthesis/submodules/sequencer/sequencer.pre.h                ; --              ; --                             ; --         ;
; MISC_FILE                             ; qsys/soc_system/synthesis/submodules/sequencer/sequencer_auto.pre.h           ; --              ; --                             ; --         ;
; MISC_FILE                             ; qsys/soc_system/synthesis/submodules/sequencer/sequencer_auto_inst_init.pre.c ; --              ; --                             ; --         ;
; MISC_FILE                             ; qsys/soc_system/synthesis/submodules/sequencer/sequencer_auto_ac_init.pre.c   ; --              ; --                             ; --         ;
; MISC_FILE                             ; qsys/soc_system/synthesis/submodules/sequencer/tclrpt.pre.h                   ; --              ; --                             ; --         ;
; MISC_FILE                             ; qsys/soc_system/synthesis/submodules/sequencer/sequencer_defines.pre.h        ; --              ; --                             ; --         ;
; MISC_FILE                             ; qsys/soc_system/synthesis/submodules/sequencer/alt_types.pre.h                ; --              ; --                             ; --         ;
; MISC_FILE                             ; qsys/soc_system/synthesis/submodules/hps.pre.xml                              ; --              ; --                             ; --         ;
; PARTITION_COLOR                       ; -- (Not supported for targeted family)                                        ; --              ; DE1_SoC_top_level              ; Top        ;
; PARTITION_FITTER_PRESERVATION_LEVEL   ; -- (Not supported for targeted family)                                        ; --              ; DE1_SoC_top_level              ; Top        ;
; PARTITION_NETLIST_TYPE                ; -- (Not supported for targeted family)                                        ; --              ; DE1_SoC_top_level              ; Top        ;
; POWER_BOARD_THERMAL_MODEL             ; None (CONSERVATIVE)                                                           ; --              ; --                             ; --         ;
; POWER_PRESET_COOLING_SOLUTION         ; 23 MM HEAT SINK WITH 200 LFPM AIRFLOW                                         ; --              ; --                             ; --         ;
; PROJECT_OUTPUT_DIRECTORY              ; output_files                                                                  ; --              ; --                             ; --         ;
; SLD_FILE                              ; qsys/soc_system/synthesis/soc_system.regmap                                   ; --              ; --                             ; --         ;
; SLD_FILE                              ; qsys/soc_system/synthesis/soc_system.debuginfo                                ; --              ; --                             ; --         ;
; SLD_INFO                              ; QSYS_NAME soc_system HAS_SOPCINFO 1 GENERATION_ID 1596025187                  ; --              ; soc_system                     ; --         ;
; SOPCINFO_FILE                         ; qsys/soc_system/synthesis/../../soc_system.sopcinfo                           ; --              ; --                             ; --         ;
; SYNTHESIS_ONLY_QIP                    ; On                                                                            ; --              ; --                             ; --         ;
; TOP_LEVEL_ENTITY                      ; DE1_SoC_top_level                                                             ; Baremetal_Setup ; --                             ; --         ;
; USE_DLL_FREQUENCY_FOR_DQS_DELAY_CHAIN ; On                                                                            ; Off             ; --                             ; --         ;
+---------------------------------------+-------------------------------------------------------------------------------+-----------------+--------------------------------+------------+


+--------------------------------------------------------------------------------------------------------------------------+
; Flow Elapsed Time                                                                                                        ;
+----------------------+--------------+-------------------------+---------------------+------------------------------------+
; Module Name          ; Elapsed Time ; Average Processors Used ; Peak Virtual Memory ; Total CPU Time (on all processors) ;
+----------------------+--------------+-------------------------+---------------------+------------------------------------+
; Analysis & Synthesis ; 00:01:40     ; 1.0                     ; 760 MB              ; 00:01:12                           ;
; Fitter               ; 00:07:22     ; 1.0                     ; 2200 MB             ; 00:05:58                           ;
; Assembler            ; 00:00:43     ; 1.0                     ; 576 MB              ; 00:00:36                           ;
; Timing Analyzer      ; 00:02:03     ; 1.0                     ; 1237 MB             ; 00:01:34                           ;
; Total                ; 00:11:48     ; --                      ; --                  ; 00:09:20                           ;
+----------------------+--------------+-------------------------+---------------------+------------------------------------+


+-----------------------------------------------------------------------------------------+
; Flow OS Summary                                                                         ;
+----------------------+-------------------+----------------+------------+----------------+
; Module Name          ; Machine Hostname  ; OS Name        ; OS Version ; Processor type ;
+----------------------+-------------------+----------------+------------+----------------+
; Analysis & Synthesis ; tijmen-VirtualBox ; Ubuntu 18.04.4 ; 18         ; x86_64         ;
; Fitter               ; tijmen-VirtualBox ; Ubuntu 18.04.4 ; 18         ; x86_64         ;
; Assembler            ; tijmen-VirtualBox ; Ubuntu 18.04.4 ; 18         ; x86_64         ;
; Timing Analyzer      ; tijmen-VirtualBox ; Ubuntu 18.04.4 ; 18         ; x86_64         ;
+----------------------+-------------------+----------------+------------+----------------+


------------
; Flow Log ;
------------
quartus_map --read_settings_files=on --write_settings_files=off Baremetal_Setup -c Baremetal_Setup
quartus_fit --read_settings_files=off --write_settings_files=off Baremetal_Setup -c Baremetal_Setup
quartus_asm --read_settings_files=off --write_settings_files=off Baremetal_Setup -c Baremetal_Setup
quartus_sta Baremetal_Setup -c Baremetal_Setup



